<?xml version="1.0" encoding="UTF-8"?>
<!-- Generated by org.testng.reporters.JUnitReportReporter -->
<testsuite skipped="0" hostname="LAPTOP-CL9FEVJO" name="com.qa.practice.testcases.ApplicationFormTest" tests="2" failures="0" timestamp="13 Feb 2019 11:46:59 GMT" time="58.612" errors="0">
  <testcase name="CreateUserForm" time="50.136" classname="com.qa.practice.testcases.ApplicationFormTest"/>
  <testcase name="validateMsg" time="8.476" classname="com.qa.practice.testcases.ApplicationFormTest"/>
</testsuite> <!-- com.qa.practice.testcases.ApplicationFormTest -->
